#
# There is insufficient memory for the Java Runtime Environment to continue.
# Native memory allocation (malloc) failed to allocate 1479376 bytes. Error detail: Chunk::new
# Possible reasons:
#   The system is out of physical RAM or swap space
#   This process is running with CompressedOops enabled, and the Java Heap may be blocking the growth of the native heap
# Possible solutions:
#   Reduce memory load on the system
#   Increase physical memory or swap space
#   Check if swap backing store is full
#   Decrease Java heap size (-Xmx/-Xms)
#   Decrease number of Java threads
#   Decrease Java thread stack sizes (-Xss)
#   Set larger code cache with -XX:ReservedCodeCacheSize=
#   JVM is running with Unscaled Compressed Oops mode in which the Java heap is
#     placed in the first 4GB address space. The Java Heap base address is the
#     maximum limit for the native heap growth. Please use -XX:HeapBaseMinAddress
#     to set the Java Heap base and to place the Java Heap above 4GB virtual address.
# This output file may be truncated or incomplete.
#
#  Out of Memory Error (arena.cpp:168), pid=3716, tid=8264
#
# JRE version: OpenJDK Runtime Environment Temurin-21.0.7+6 (21.0.7+6) (build 21.0.7+6-LTS)
# Java VM: OpenJDK 64-Bit Server VM Temurin-21.0.7+6 (21.0.7+6-LTS, mixed mode, sharing, tiered, compressed oops, compressed class ptrs, parallel gc, windows-amd64)
# No core dump will be written. Minidumps are not enabled by default on client versions of Windows
#

---------------  S U M M A R Y ------------

Command Line: --add-modules=ALL-SYSTEM --add-opens=java.base/java.util=ALL-UNNAMED --add-opens=java.base/java.lang=ALL-UNNAMED --add-opens=java.base/sun.nio.fs=ALL-UNNAMED -Declipse.application=org.eclipse.jdt.ls.core.id1 -Dosgi.bundles.defaultStartLevel=4 -Declipse.product=org.eclipse.jdt.ls.core.product -Djava.import.generatesMetadataFilesAtProjectRoot=false -DDetectVMInstallationsJob.disabled=true -Dfile.encoding=utf8 -XX:+UseParallelGC -XX:GCTimeRatio=4 -XX:AdaptiveSizePolicyWeight=90 -Dsun.zip.disableMemoryMapping=true -Xmx2G -Xms100m -Xlog:disable -javaagent:c:\Users\anjal\.vscode\extensions\redhat.java-1.44.2025070308-win32-x64\lombok\lombok-1.18.39-4050.jar -XX:+HeapDumpOnOutOfMemoryError -XX:HeapDumpPath=c:\Users\anjal\AppData\Roaming\Code\User\workspaceStorage\5bc69bf917e65296d5a6d4b95341d341\redhat.java -Daether.dependencyCollector.impl=bf c:\Users\anjal\.vscode\extensions\redhat.java-1.44.2025070308-win32-x64\server\plugins\org.eclipse.equinox.launcher_1.7.0.v20250519-0528.jar -configuration c:\Users\anjal\AppData\Roaming\Code\User\globalStorage\redhat.java\1.44.2025070308\config_win -data c:\Users\anjal\AppData\Roaming\Code\User\workspaceStorage\5bc69bf917e65296d5a6d4b95341d341\redhat.java\jdt_ws --pipe=\\.\pipe\lsp-51d7bf14d239055af7345ebe39d66e91-sock

Host: 11th Gen Intel(R) Core(TM) i3-1115G4 @ 3.00GHz, 4 cores, 7G,  Windows 11 , 64 bit Build 22000 (10.0.22000.2538)
Time: Mon Jul  7 17:32:04 2025 India Standard Time elapsed time: 22.277051 seconds (0d 0h 0m 22s)

---------------  T H R E A D  ---------------

Current thread (0x00000161653fa900):  JavaThread "C2 CompilerThread1" daemon [_thread_in_native, id=8264, stack(0x0000001dcf100000,0x0000001dcf200000) (1024K)]


Current CompileTask:
C2:22277 13453       4       org.eclipse.jdt.internal.compiler.parser.Parser::consumeRule (7748 bytes)

Stack: [0x0000001dcf100000,0x0000001dcf200000]
Native frames: (J=compiled Java code, j=interpreted, Vv=VM code, C=native code)
V  [jvm.dll+0x6ce119]
V  [jvm.dll+0x8a84a1]
V  [jvm.dll+0x8aa9ce]
V  [jvm.dll+0x8ab0b3]
V  [jvm.dll+0x27f8a6]
V  [jvm.dll+0xc507d]
V  [jvm.dll+0xc55b3]
V  [jvm.dll+0x3b68f2]
V  [jvm.dll+0x382aa5]
V  [jvm.dll+0x381f0a]
V  [jvm.dll+0x247af0]
V  [jvm.dll+0x2470cf]
V  [jvm.dll+0x1c760e]
V  [jvm.dll+0x25695a]
V  [jvm.dll+0x254efa]
V  [jvm.dll+0x3f03f6]
V  [jvm.dll+0x851f6b]
V  [jvm.dll+0x6cc7dd]
C  [ucrtbase.dll+0x26c0c]
C  [KERNEL32.DLL+0x153e0]
C  [ntdll.dll+0x485b]


---------------  P R O C E S S  ---------------

Threads class SMR info:
_java_thread_list=0x000001615b524db0, length=48, elements={
0x000001617a7fba70, 0x000001617a6ea8f0, 0x000001617a6ec050, 0x000001617a6ee330,
0x000001617a6f2060, 0x000001617a6f36c0, 0x000001617a6fa030, 0x000001617a6fc000,
0x000001617a70dbd0, 0x000001617a7bdec0, 0x000001617ef74fc0, 0x000001617f5f9f10,
0x000001617f7e8b80, 0x000001617f62ab50, 0x000001617f5f1eb0, 0x00000161583ccce0,
0x0000016158091eb0, 0x000001617f86db30, 0x000001617f870290, 0x000001617f86eee0,
0x000001617f86f570, 0x000001617f86fc00, 0x000001617f870920, 0x000001617f86d4a0,
0x000001617f86e1c0, 0x000001617f86e850, 0x0000016159b83cb0, 0x0000016159b856f0,
0x0000016159b82900, 0x0000016159b82270, 0x0000016159b80ec0, 0x0000016159b81be0,
0x0000016159b81550, 0x0000016159b80830, 0x0000016159b84340, 0x0000016159b849d0,
0x0000016159b85060, 0x0000016159b85d80, 0x0000016159b86410, 0x0000016159b7f480,
0x0000016159b86aa0, 0x0000016159b7fb10, 0x0000016158ae3430, 0x0000016158adec00,
0x0000016158ae4e70, 0x00000161653fa900, 0x0000016158addee0, 0x0000016158ae5500
}

Java Threads: ( => current thread )
  0x000001617a7fba70 JavaThread "main"                              [_thread_blocked, id=9060, stack(0x0000001dce400000,0x0000001dce500000) (1024K)]
  0x000001617a6ea8f0 JavaThread "Reference Handler"          daemon [_thread_in_vm, id=12796, stack(0x0000001dce800000,0x0000001dce900000) (1024K)]
  0x000001617a6ec050 JavaThread "Finalizer"                  daemon [_thread_blocked, id=12572, stack(0x0000001dce900000,0x0000001dcea00000) (1024K)]
  0x000001617a6ee330 JavaThread "Signal Dispatcher"          daemon [_thread_blocked, id=17844, stack(0x0000001dcea00000,0x0000001dceb00000) (1024K)]
  0x000001617a6f2060 JavaThread "Attach Listener"            daemon [_thread_blocked, id=18888, stack(0x0000001dceb00000,0x0000001dcec00000) (1024K)]
  0x000001617a6f36c0 JavaThread "Service Thread"             daemon [_thread_blocked, id=10500, stack(0x0000001dcec00000,0x0000001dced00000) (1024K)]
  0x000001617a6fa030 JavaThread "Monitor Deflation Thread"   daemon [_thread_blocked, id=18948, stack(0x0000001dced00000,0x0000001dcee00000) (1024K)]
  0x000001617a6fc000 JavaThread "C2 CompilerThread0"         daemon [_thread_in_native, id=15864, stack(0x0000001dcee00000,0x0000001dcef00000) (1024K)]
  0x000001617a70dbd0 JavaThread "C1 CompilerThread0"         daemon [_thread_blocked, id=15512, stack(0x0000001dcef00000,0x0000001dcf000000) (1024K)]
  0x000001617a7bdec0 JavaThread "Common-Cleaner"             daemon [_thread_blocked, id=18876, stack(0x0000001dcf000000,0x0000001dcf100000) (1024K)]
  0x000001617ef74fc0 JavaThread "Notification Thread"        daemon [_thread_blocked, id=18148, stack(0x0000001dcf200000,0x0000001dcf300000) (1024K)]
  0x000001617f5f9f10 JavaThread "Active Thread: Equinox Container: 723020df-7fda-45c5-a2c2-50fc0b8f2b52"        [_thread_blocked, id=11896, stack(0x0000001dcf600000,0x0000001dcf700000) (1024K)]
  0x000001617f7e8b80 JavaThread "Refresh Thread: Equinox Container: 723020df-7fda-45c5-a2c2-50fc0b8f2b52" daemon [_thread_blocked, id=16008, stack(0x0000001dcf700000,0x0000001dcf800000) (1024K)]
  0x000001617f62ab50 JavaThread "Framework Event Dispatcher: Equinox Container: 723020df-7fda-45c5-a2c2-50fc0b8f2b52" daemon [_thread_blocked, id=11688, stack(0x0000001dcf800000,0x0000001dcf900000) (1024K)]
  0x000001617f5f1eb0 JavaThread "Start Level: Equinox Container: 723020df-7fda-45c5-a2c2-50fc0b8f2b52" daemon [_thread_blocked, id=17756, stack(0x0000001dcf900000,0x0000001dcfa00000) (1024K)]
  0x00000161583ccce0 JavaThread "Bundle File Closer"         daemon [_thread_blocked, id=6412, stack(0x0000001dcfa00000,0x0000001dcfb00000) (1024K)]
  0x0000016158091eb0 JavaThread "SCR Component Actor"        daemon [_thread_blocked, id=16232, stack(0x0000001dcfb00000,0x0000001dcfc00000) (1024K)]
  0x000001617f86db30 JavaThread "Worker-JM"                         [_thread_blocked, id=1776, stack(0x0000001dcfd00000,0x0000001dcfe00000) (1024K)]
  0x000001617f870290 JavaThread "JNA Cleaner"                daemon [_thread_blocked, id=17972, stack(0x0000001dcfe00000,0x0000001dcff00000) (1024K)]
  0x000001617f86eee0 JavaThread "Worker-0: Initialize workspace"        [_thread_in_Java, id=16020, stack(0x0000001dcff00000,0x0000001dd0000000) (1024K)]
  0x000001617f86f570 JavaThread "Worker-1"                          [_thread_blocked, id=5532, stack(0x0000001dd0000000,0x0000001dd0100000) (1024K)]
  0x000001617f86fc00 JavaThread "Java indexing"              daemon [_thread_in_Java, id=16432, stack(0x0000001dd0100000,0x0000001dd0200000) (1024K)]
  0x000001617f870920 JavaThread "Worker-2: Publish Diagnostics"        [_thread_blocked, id=11620, stack(0x0000001dd0200000,0x0000001dd0300000) (1024K)]
  0x000001617f86d4a0 JavaThread "Worker-3: Java indexing... "        [_thread_blocked, id=10980, stack(0x0000001dd0300000,0x0000001dd0400000) (1024K)]
  0x000001617f86e1c0 JavaThread "Thread-2"                   daemon [_thread_in_native, id=11200, stack(0x0000001dd0400000,0x0000001dd0500000) (1024K)]
  0x000001617f86e850 JavaThread "Thread-3"                   daemon [_thread_in_native, id=10924, stack(0x0000001dd0500000,0x0000001dd0600000) (1024K)]
  0x0000016159b83cb0 JavaThread "Thread-4"                   daemon [_thread_in_native, id=7444, stack(0x0000001dd0600000,0x0000001dd0700000) (1024K)]
  0x0000016159b856f0 JavaThread "Thread-5"                   daemon [_thread_in_native, id=7352, stack(0x0000001dd0700000,0x0000001dd0800000) (1024K)]
  0x0000016159b82900 JavaThread "Thread-6"                   daemon [_thread_in_native, id=17820, stack(0x0000001dd0800000,0x0000001dd0900000) (1024K)]
  0x0000016159b82270 JavaThread "pool-2-thread-1"                   [_thread_blocked, id=18796, stack(0x0000001dd0900000,0x0000001dd0a00000) (1024K)]
  0x0000016159b80ec0 JavaThread "Worker-4"                          [_thread_blocked, id=18896, stack(0x0000001dd0a00000,0x0000001dd0b00000) (1024K)]
  0x0000016159b81be0 JavaThread "WorkspaceEventsHandler"            [_thread_blocked, id=17652, stack(0x0000001dd0b00000,0x0000001dd0c00000) (1024K)]
  0x0000016159b81550 JavaThread "pool-1-thread-1"                   [_thread_blocked, id=4240, stack(0x0000001dd0c00000,0x0000001dd0d00000) (1024K)]
  0x0000016159b80830 JavaThread "Worker-5"                          [_thread_blocked, id=9360, stack(0x0000001dd0d00000,0x0000001dd0e00000) (1024K)]
  0x0000016159b84340 JavaThread "LocalFile Deleter"          daemon [_thread_blocked, id=18864, stack(0x0000001dd0e00000,0x0000001dd0f00000) (1024K)]
  0x0000016159b849d0 JavaThread "LocalFile Deleter"          daemon [_thread_blocked, id=4012, stack(0x0000001dd0f00000,0x0000001dd1000000) (1024K)]
  0x0000016159b85060 JavaThread "LocalFile Deleter"          daemon [_thread_blocked, id=10244, stack(0x0000001dd1000000,0x0000001dd1100000) (1024K)]
  0x0000016159b85d80 JavaThread "LocalFile Deleter"          daemon [_thread_blocked, id=7120, stack(0x0000001dd1100000,0x0000001dd1200000) (1024K)]
  0x0000016159b86410 JavaThread "Compiler Source File Reader" daemon [_thread_blocked, id=10304, stack(0x0000001dd1200000,0x0000001dd1300000) (1024K)]
  0x0000016159b7f480 JavaThread "Compiler Source File Reader" daemon [_thread_blocked, id=8316, stack(0x0000001dd1300000,0x0000001dd1400000) (1024K)]
  0x0000016159b86aa0 JavaThread "Compiler Processing Task"   daemon [_thread_blocked, id=3048, stack(0x0000001dcfc00000,0x0000001dcfd00000) (1024K)]
  0x0000016159b7fb10 JavaThread "Compiler Class File Writer" daemon [_thread_blocked, id=11872, stack(0x0000001dd1400000,0x0000001dd1500000) (1024K)]
  0x0000016158ae3430 JavaThread "Compiler Class File Writer" daemon [_thread_blocked, id=4640, stack(0x0000001dd1500000,0x0000001dd1600000) (1024K)]
  0x0000016158adec00 JavaThread "ForkJoinPool.commonPool-worker-1" daemon [_thread_in_vm, id=5784, stack(0x0000001dd1600000,0x0000001dd1700000) (1024K)]
  0x0000016158ae4e70 JavaThread "Worker-6"                          [_thread_blocked, id=17612, stack(0x0000001dd1800000,0x0000001dd1900000) (1024K)]
=>0x00000161653fa900 JavaThread "C2 CompilerThread1"         daemon [_thread_in_native, id=8264, stack(0x0000001dcf100000,0x0000001dcf200000) (1024K)]
  0x0000016158addee0 JavaThread "ForkJoinPool.commonPool-worker-2" daemon [_thread_blocked, id=18932, stack(0x0000001dd1700000,0x0000001dd1800000) (1024K)]
  0x0000016158ae5500 JavaThread "ForkJoinPool.commonPool-worker-3" daemon [_thread_blocked, id=9932, stack(0x0000001dd1900000,0x0000001dd1a00000) (1024K)]
Total: 48

Other Threads:
  0x000001617a6cccb0 VMThread "VM Thread"                           [id=9280, stack(0x0000001dce700000,0x0000001dce800000) (1024K)]
  0x000001617a641920 WatcherThread "VM Periodic Task Thread"        [id=8972, stack(0x0000001dce600000,0x0000001dce700000) (1024K)]
  0x000001617a81a490 WorkerThread "GC Thread#0"                     [id=14572, stack(0x0000001dce500000,0x0000001dce600000) (1024K)]
  0x000001617f4761d0 WorkerThread "GC Thread#1"                     [id=18588, stack(0x0000001dcf300000,0x0000001dcf400000) (1024K)]
  0x000001617f5510c0 WorkerThread "GC Thread#2"                     [id=19144, stack(0x0000001dcf400000,0x0000001dcf500000) (1024K)]
  0x000001617f551460 WorkerThread "GC Thread#3"                     [id=10104, stack(0x0000001dcf500000,0x0000001dcf600000) (1024K)]
Total: 6

Threads with active compile tasks:
C2 CompilerThread0  22299 13444       4       java.lang.reflect.Field::get (39 bytes)
C2 CompilerThread1  22300 13453       4       org.eclipse.jdt.internal.compiler.parser.Parser::consumeRule (7748 bytes)
Total: 2

VM state: not at safepoint (normal execution)

VM Mutex/Monitor currently owned by a thread: None

Heap address: 0x0000000080000000, size: 2048 MB, Compressed Oops mode: 32-bit

CDS archive(s) mapped at: [0x0000016113000000-0x0000016113ba0000-0x0000016113ba0000), size 12189696, SharedBaseAddress: 0x0000016113000000, ArchiveRelocationMode: 1.
Compressed class space mapped at: 0x0000016114000000-0x0000016154000000, reserved size: 1073741824
Narrow klass base: 0x0000016113000000, Narrow klass shift: 0, Narrow klass range: 0x100000000

GC Precious Log:
 CardTable entry size: 512
 CPUs: 4 total, 4 available
 Memory: 7834M
 Large Page Support: Disabled
 NUMA Support: Disabled
 Compressed Oops: Enabled (32-bit)
 Alignments: Space 512K, Generation 512K, Heap 2M
 Heap Min Capacity: 100M
 Heap Initial Capacity: 100M
 Heap Max Capacity: 2G
 Pre-touch: Disabled
 Parallel Workers: 4

Heap:
 PSYoungGen      total 2048K, used 736K [0x00000000d5580000, 0x00000000d5880000, 0x0000000100000000)
  eden space 1536K, 26% used [0x00000000d5580000,0x00000000d55e6838,0x00000000d5700000)
  from space 512K, 63% used [0x00000000d5700000,0x00000000d5751aa0,0x00000000d5780000)
  to   space 512K, 0% used [0x00000000d5800000,0x00000000d5800000,0x00000000d5880000)
 ParOldGen       total 203776K, used 203356K [0x0000000080000000, 0x000000008c700000, 0x00000000d5580000)
  object space 203776K, 99% used [0x0000000080000000,0x000000008c697088,0x000000008c700000)
 Metaspace       used 68097K, committed 69568K, reserved 1114112K
  class space    used 6864K, committed 7488K, reserved 1048576K

Card table byte_map: [0x000001617a1b0000,0x000001617a5c0000] _byte_map_base: 0x0000016179db0000

Marking Bits: (ParMarkBitMap*) 0x00007ffe660431f0
 Begin Bits: [0x000001610f000000, 0x0000016111000000)
 End Bits:   [0x0000016111000000, 0x0000016113000000)

Polling page: 0x0000016178650000

Metaspace:

Usage:
  Non-class:     59.80 MB used.
      Class:      6.70 MB used.
       Both:     66.50 MB used.

Virtual space:
  Non-class space:       64.00 MB reserved,      60.62 MB ( 95%) committed,  1 nodes.
      Class space:        1.00 GB reserved,       7.31 MB ( <1%) committed,  1 nodes.
             Both:        1.06 GB reserved,      67.94 MB (  6%) committed. 

Chunk freelists:
   Non-Class:  3.16 MB
       Class:  8.69 MB
        Both:  11.85 MB

MaxMetaspaceSize: unlimited
CompressedClassSpaceSize: 1.00 GB
Initial GC threshold: 21.00 MB
Current GC threshold: 97.31 MB
CDS: on
 - commit_granule_bytes: 65536.
 - commit_granule_words: 8192.
 - virtual_space_node_default_size: 8388608.
 - enlarge_chunks_in_place: 1.
 - use_allocation_guard: 0.


Internal statistics:

num_allocs_failed_limit: 9.
num_arena_births: 1282.
num_arena_deaths: 14.
num_vsnodes_births: 2.
num_vsnodes_deaths: 0.
num_space_committed: 1087.
num_space_uncommitted: 0.
num_chunks_returned_to_freelist: 23.
num_chunks_taken_from_freelist: 4526.
num_chunk_merges: 13.
num_chunk_splits: 2773.
num_chunks_enlarged: 1585.
num_inconsistent_stats: 0.

CodeHeap 'non-profiled nmethods': size=120000Kb used=9680Kb max_used=9680Kb free=110319Kb
 bounds [0x0000016107ad0000, 0x0000016108450000, 0x000001610f000000]
CodeHeap 'profiled nmethods': size=120000Kb used=30087Kb max_used=30087Kb free=89912Kb
 bounds [0x0000016100000000, 0x0000016101d70000, 0x0000016107530000]
CodeHeap 'non-nmethods': size=5760Kb used=1462Kb max_used=1532Kb free=4297Kb
 bounds [0x0000016107530000, 0x00000161077a0000, 0x0000016107ad0000]
 total_blobs=13508 nmethods=12739 adapters=673
 compilation: enabled
              stopped_count=0, restarted_count=0
 full_count=0

Compilation events (20 events):
Event: 22.267 Thread 0x000001617a70dbd0 nmethod 13482 0x0000016101d50c90 code [0x0000016101d50e40, 0x0000016101d50fa8]
Event: 22.268 Thread 0x000001617a70dbd0 13492       3       org.eclipse.jdt.internal.compiler.ast.FakedTrackingVariable::isAnyCloseable (19 bytes)
Event: 22.268 Thread 0x000001617a70dbd0 nmethod 13492 0x0000016101d51090 code [0x0000016101d51260, 0x0000016101d515a0]
Event: 22.268 Thread 0x000001617a70dbd0 13493       3       org.eclipse.jdt.internal.compiler.flow.FlowContext::mergeFinallyNullInfo (50 bytes)
Event: 22.268 Thread 0x000001617a70dbd0 nmethod 13493 0x0000016101d51690 code [0x0000016101d51880, 0x0000016101d51d28]
Event: 22.269 Thread 0x000001617a70dbd0 13494       3       org.eclipse.jdt.internal.compiler.ast.Annotation::isRuntimeInvisible (44 bytes)
Event: 22.269 Thread 0x000001617a70dbd0 nmethod 13494 0x0000016101d51e90 code [0x0000016101d52060, 0x0000016101d52370]
Event: 22.269 Thread 0x000001617a70dbd0 13495   !   3       org.eclipse.jdt.internal.compiler.ClassFile::generateAnnotation (665 bytes)
Event: 22.271 Thread 0x000001617a70dbd0 nmethod 13495 0x0000016101d52490 code [0x0000016101d527c0, 0x0000016101d53c70]
Event: 22.271 Thread 0x000001617a70dbd0 13496       3       org.eclipse.jdt.internal.compiler.codegen.CodeStream::getConstantPoolDeclaringClass (66 bytes)
Event: 22.271 Thread 0x000001617a70dbd0 nmethod 13496 0x0000016101d54690 code [0x0000016101d548a0, 0x0000016101d54f18]
Event: 22.271 Thread 0x000001617a70dbd0 13497       3       org.eclipse.jdt.internal.compiler.codegen.CodeStream::fieldAccess (96 bytes)
Event: 22.272 Thread 0x000001617a70dbd0 nmethod 13497 0x0000016101d55110 code [0x0000016101d55320, 0x0000016101d55868]
Event: 22.272 Thread 0x000001617a70dbd0 13498       3       org.eclipse.jdt.internal.compiler.lookup.MethodBinding::isPrivate (13 bytes)
Event: 22.272 Thread 0x000001617a70dbd0 nmethod 13498 0x0000016101d55a90 code [0x0000016101d55c40, 0x0000016101d55db8]
Event: 22.273 Thread 0x000001617a70dbd0 13499       3       org.eclipse.jdt.internal.compiler.lookup.SourceTypeBinding::typeVariables (38 bytes)
Event: 22.273 Thread 0x000001617a70dbd0 nmethod 13499 0x0000016101d55e90 code [0x0000016101d56060, 0x0000016101d56438]
Event: 22.273 Thread 0x000001617a70dbd0 13500       3       org.eclipse.jdt.internal.compiler.ast.SingleTypeReference::traverse (67 bytes)
Event: 22.274 Thread 0x000001617a70dbd0 nmethod 13500 0x0000016101d56590 code [0x0000016101d56780, 0x0000016101d56ce8]
Event: 22.275 Thread 0x000001617a70dbd0 13501       3       org.eclipse.jdt.internal.compiler.lookup.MethodBinding::genericSignature (267 bytes)

GC Heap History (20 events):
Event: 22.125 GC heap before
{Heap before GC invocations=536 (full 3):
 PSYoungGen      total 2048K, used 1833K [0x00000000d5580000, 0x00000000d5880000, 0x0000000100000000)
  eden space 1536K, 98% used [0x00000000d5580000,0x00000000d56f8750,0x00000000d5700000)
  from space 512K, 64% used [0x00000000d5800000,0x00000000d5851f98,0x00000000d5880000)
  to   space 512K, 0% used [0x00000000d5700000,0x00000000d5700000,0x00000000d5780000)
 ParOldGen       total 200192K, used 199832K [0x0000000080000000, 0x000000008c380000, 0x00000000d5580000)
  object space 200192K, 99% used [0x0000000080000000,0x000000008c326178,0x000000008c380000)
 Metaspace       used 67969K, committed 69440K, reserved 1114112K
  class space    used 6850K, committed 7488K, reserved 1048576K
}
Event: 22.128 GC heap after
{Heap after GC invocations=536 (full 3):
 PSYoungGen      total 2048K, used 320K [0x00000000d5580000, 0x00000000d5880000, 0x0000000100000000)
  eden space 1536K, 0% used [0x00000000d5580000,0x00000000d5580000,0x00000000d5700000)
  from space 512K, 62% used [0x00000000d5700000,0x00000000d5750020,0x00000000d5780000)
  to   space 512K, 0% used [0x00000000d5800000,0x00000000d5800000,0x00000000d5880000)
 ParOldGen       total 200192K, used 199967K [0x0000000080000000, 0x000000008c380000, 0x00000000d5580000)
  object space 200192K, 99% used [0x0000000080000000,0x000000008c347de0,0x000000008c380000)
 Metaspace       used 67969K, committed 69440K, reserved 1114112K
  class space    used 6850K, committed 7488K, reserved 1048576K
}
Event: 22.146 GC heap before
{Heap before GC invocations=537 (full 3):
 PSYoungGen      total 2048K, used 1856K [0x00000000d5580000, 0x00000000d5880000, 0x0000000100000000)
  eden space 1536K, 100% used [0x00000000d5580000,0x00000000d5700000,0x00000000d5700000)
  from space 512K, 62% used [0x00000000d5700000,0x00000000d5750020,0x00000000d5780000)
  to   space 512K, 0% used [0x00000000d5800000,0x00000000d5800000,0x00000000d5880000)
 ParOldGen       total 200192K, used 199967K [0x0000000080000000, 0x000000008c380000, 0x00000000d5580000)
  object space 200192K, 99% used [0x0000000080000000,0x000000008c347de0,0x000000008c380000)
 Metaspace       used 67985K, committed 69440K, reserved 1114112K
  class space    used 6852K, committed 7488K, reserved 1048576K
}
Event: 22.149 GC heap after
{Heap after GC invocations=537 (full 3):
 PSYoungGen      total 2048K, used 474K [0x00000000d5580000, 0x00000000d5880000, 0x0000000100000000)
  eden space 1536K, 0% used [0x00000000d5580000,0x00000000d5580000,0x00000000d5700000)
  from space 512K, 92% used [0x00000000d5800000,0x00000000d5876a68,0x00000000d5880000)
  to   space 512K, 0% used [0x00000000d5700000,0x00000000d5700000,0x00000000d5780000)
 ParOldGen       total 200704K, used 200223K [0x0000000080000000, 0x000000008c400000, 0x00000000d5580000)
  object space 200704K, 99% used [0x0000000080000000,0x000000008c387c30,0x000000008c400000)
 Metaspace       used 67985K, committed 69440K, reserved 1114112K
  class space    used 6852K, committed 7488K, reserved 1048576K
}
Event: 22.158 GC heap before
{Heap before GC invocations=538 (full 3):
 PSYoungGen      total 2048K, used 2010K [0x00000000d5580000, 0x00000000d5880000, 0x0000000100000000)
  eden space 1536K, 100% used [0x00000000d5580000,0x00000000d5700000,0x00000000d5700000)
  from space 512K, 92% used [0x00000000d5800000,0x00000000d5876a68,0x00000000d5880000)
  to   space 512K, 0% used [0x00000000d5700000,0x00000000d5700000,0x00000000d5780000)
 ParOldGen       total 200704K, used 200223K [0x0000000080000000, 0x000000008c400000, 0x00000000d5580000)
  object space 200704K, 99% used [0x0000000080000000,0x000000008c387c30,0x000000008c400000)
 Metaspace       used 67990K, committed 69440K, reserved 1114112K
  class space    used 6852K, committed 7488K, reserved 1048576K
}
Event: 22.160 GC heap after
{Heap after GC invocations=538 (full 3):
 PSYoungGen      total 2048K, used 352K [0x00000000d5580000, 0x00000000d5880000, 0x0000000100000000)
  eden space 1536K, 0% used [0x00000000d5580000,0x00000000d5580000,0x00000000d5700000)
  from space 512K, 68% used [0x00000000d5700000,0x00000000d5758000,0x00000000d5780000)
  to   space 512K, 0% used [0x00000000d5800000,0x00000000d5800000,0x00000000d5880000)
 ParOldGen       total 200704K, used 200659K [0x0000000080000000, 0x000000008c400000, 0x00000000d5580000)
  object space 200704K, 99% used [0x0000000080000000,0x000000008c3f4f08,0x000000008c400000)
 Metaspace       used 67990K, committed 69440K, reserved 1114112K
  class space    used 6852K, committed 7488K, reserved 1048576K
}
Event: 22.169 GC heap before
{Heap before GC invocations=539 (full 3):
 PSYoungGen      total 2048K, used 1888K [0x00000000d5580000, 0x00000000d5880000, 0x0000000100000000)
  eden space 1536K, 100% used [0x00000000d5580000,0x00000000d5700000,0x00000000d5700000)
  from space 512K, 68% used [0x00000000d5700000,0x00000000d5758000,0x00000000d5780000)
  to   space 512K, 0% used [0x00000000d5800000,0x00000000d5800000,0x00000000d5880000)
 ParOldGen       total 200704K, used 200659K [0x0000000080000000, 0x000000008c400000, 0x00000000d5580000)
  object space 200704K, 99% used [0x0000000080000000,0x000000008c3f4f08,0x000000008c400000)
 Metaspace       used 67990K, committed 69440K, reserved 1114112K
  class space    used 6852K, committed 7488K, reserved 1048576K
}
Event: 22.172 GC heap after
{Heap after GC invocations=539 (full 3):
 PSYoungGen      total 2048K, used 372K [0x00000000d5580000, 0x00000000d5880000, 0x0000000100000000)
  eden space 1536K, 0% used [0x00000000d5580000,0x00000000d5580000,0x00000000d5700000)
  from space 512K, 72% used [0x00000000d5800000,0x00000000d585d3c0,0x00000000d5880000)
  to   space 512K, 0% used [0x00000000d5700000,0x00000000d5700000,0x00000000d5780000)
 ParOldGen       total 201216K, used 200908K [0x0000000080000000, 0x000000008c480000, 0x00000000d5580000)
  object space 201216K, 99% used [0x0000000080000000,0x000000008c4332e8,0x000000008c480000)
 Metaspace       used 67990K, committed 69440K, reserved 1114112K
  class space    used 6852K, committed 7488K, reserved 1048576K
}
Event: 22.185 GC heap before
{Heap before GC invocations=540 (full 3):
 PSYoungGen      total 2048K, used 1908K [0x00000000d5580000, 0x00000000d5880000, 0x0000000100000000)
  eden space 1536K, 100% used [0x00000000d5580000,0x00000000d5700000,0x00000000d5700000)
  from space 512K, 72% used [0x00000000d5800000,0x00000000d585d3c0,0x00000000d5880000)
  to   space 512K, 0% used [0x00000000d5700000,0x00000000d5700000,0x00000000d5780000)
 ParOldGen       total 201216K, used 200908K [0x0000000080000000, 0x000000008c480000, 0x00000000d5580000)
  object space 201216K, 99% used [0x0000000080000000,0x000000008c4332e8,0x000000008c480000)
 Metaspace       used 67997K, committed 69504K, reserved 1114112K
  class space    used 6853K, committed 7488K, reserved 1048576K
}
Event: 22.187 GC heap after
{Heap after GC invocations=540 (full 3):
 PSYoungGen      total 2048K, used 464K [0x00000000d5580000, 0x00000000d5880000, 0x0000000100000000)
  eden space 1536K, 0% used [0x00000000d5580000,0x00000000d5580000,0x00000000d5700000)
  from space 512K, 90% used [0x00000000d5700000,0x00000000d5774010,0x00000000d5780000)
  to   space 512K, 0% used [0x00000000d5800000,0x00000000d5800000,0x00000000d5880000)
 ParOldGen       total 201216K, used 201197K [0x0000000080000000, 0x000000008c480000, 0x00000000d5580000)
  object space 201216K, 99% used [0x0000000080000000,0x000000008c47b538,0x000000008c480000)
 Metaspace       used 67997K, committed 69504K, reserved 1114112K
  class space    used 6853K, committed 7488K, reserved 1048576K
}
Event: 22.199 GC heap before
{Heap before GC invocations=541 (full 3):
 PSYoungGen      total 2048K, used 2000K [0x00000000d5580000, 0x00000000d5880000, 0x0000000100000000)
  eden space 1536K, 100% used [0x00000000d5580000,0x00000000d5700000,0x00000000d5700000)
  from space 512K, 90% used [0x00000000d5700000,0x00000000d5774010,0x00000000d5780000)
  to   space 512K, 0% used [0x00000000d5800000,0x00000000d5800000,0x00000000d5880000)
 ParOldGen       total 201216K, used 201197K [0x0000000080000000, 0x000000008c480000, 0x00000000d5580000)
  object space 201216K, 99% used [0x0000000080000000,0x000000008c47b538,0x000000008c480000)
 Metaspace       used 68009K, committed 69504K, reserved 1114112K
  class space    used 6856K, committed 7488K, reserved 1048576K
}
Event: 22.201 GC heap after
{Heap after GC invocations=541 (full 3):
 PSYoungGen      total 2048K, used 259K [0x00000000d5580000, 0x00000000d5880000, 0x0000000100000000)
  eden space 1536K, 0% used [0x00000000d5580000,0x00000000d5580000,0x00000000d5700000)
  from space 512K, 50% used [0x00000000d5800000,0x00000000d5840da8,0x00000000d5880000)
  to   space 512K, 0% used [0x00000000d5700000,0x00000000d5700000,0x00000000d5780000)
 ParOldGen       total 201728K, used 201541K [0x0000000080000000, 0x000000008c500000, 0x00000000d5580000)
  object space 201728K, 99% used [0x0000000080000000,0x000000008c4d17b8,0x000000008c500000)
 Metaspace       used 68009K, committed 69504K, reserved 1114112K
  class space    used 6856K, committed 7488K, reserved 1048576K
}
Event: 22.209 GC heap before
{Heap before GC invocations=542 (full 3):
 PSYoungGen      total 2048K, used 1795K [0x00000000d5580000, 0x00000000d5880000, 0x0000000100000000)
  eden space 1536K, 99% used [0x00000000d5580000,0x00000000d56ffff0,0x00000000d5700000)
  from space 512K, 50% used [0x00000000d5800000,0x00000000d5840da8,0x00000000d5880000)
  to   space 512K, 0% used [0x00000000d5700000,0x00000000d5700000,0x00000000d5780000)
 ParOldGen       total 201728K, used 201541K [0x0000000080000000, 0x000000008c500000, 0x00000000d5580000)
  object space 201728K, 99% used [0x0000000080000000,0x000000008c4d17b8,0x000000008c500000)
 Metaspace       used 68016K, committed 69504K, reserved 1114112K
  class space    used 6858K, committed 7488K, reserved 1048576K
}
Event: 22.211 GC heap after
{Heap after GC invocations=542 (full 3):
 PSYoungGen      total 2048K, used 352K [0x00000000d5580000, 0x00000000d5880000, 0x0000000100000000)
  eden space 1536K, 0% used [0x00000000d5580000,0x00000000d5580000,0x00000000d5700000)
  from space 512K, 68% used [0x00000000d5700000,0x00000000d5758000,0x00000000d5780000)
  to   space 512K, 0% used [0x00000000d5800000,0x00000000d5800000,0x00000000d5880000)
 ParOldGen       total 201728K, used 201708K [0x0000000080000000, 0x000000008c500000, 0x00000000d5580000)
  object space 201728K, 99% used [0x0000000080000000,0x000000008c4fb030,0x000000008c500000)
 Metaspace       used 68016K, committed 69504K, reserved 1114112K
  class space    used 6858K, committed 7488K, reserved 1048576K
}
Event: 22.226 GC heap before
{Heap before GC invocations=543 (full 3):
 PSYoungGen      total 2048K, used 1888K [0x00000000d5580000, 0x00000000d5880000, 0x0000000100000000)
  eden space 1536K, 100% used [0x00000000d5580000,0x00000000d5700000,0x00000000d5700000)
  from space 512K, 68% used [0x00000000d5700000,0x00000000d5758000,0x00000000d5780000)
  to   space 512K, 0% used [0x00000000d5800000,0x00000000d5800000,0x00000000d5880000)
 ParOldGen       total 201728K, used 201708K [0x0000000080000000, 0x000000008c500000, 0x00000000d5580000)
  object space 201728K, 99% used [0x0000000080000000,0x000000008c4fb030,0x000000008c500000)
 Metaspace       used 68039K, committed 69504K, reserved 1114112K
  class space    used 6860K, committed 7488K, reserved 1048576K
}
Event: 22.228 GC heap after
{Heap after GC invocations=543 (full 3):
 PSYoungGen      total 2048K, used 320K [0x00000000d5580000, 0x00000000d5880000, 0x0000000100000000)
  eden space 1536K, 0% used [0x00000000d5580000,0x00000000d5580000,0x00000000d5700000)
  from space 512K, 62% used [0x00000000d5800000,0x00000000d5850000,0x00000000d5880000)
  to   space 512K, 0% used [0x00000000d5700000,0x00000000d5700000,0x00000000d5780000)
 ParOldGen       total 202240K, used 202025K [0x0000000080000000, 0x000000008c580000, 0x00000000d5580000)
  object space 202240K, 99% used [0x0000000080000000,0x000000008c54a530,0x000000008c580000)
 Metaspace       used 68039K, committed 69504K, reserved 1114112K
  class space    used 6860K, committed 7488K, reserved 1048576K
}
Event: 22.239 GC heap before
{Heap before GC invocations=544 (full 3):
 PSYoungGen      total 2048K, used 1855K [0x00000000d5580000, 0x00000000d5880000, 0x0000000100000000)
  eden space 1536K, 99% used [0x00000000d5580000,0x00000000d56ffcb0,0x00000000d5700000)
  from space 512K, 62% used [0x00000000d5800000,0x00000000d5850000,0x00000000d5880000)
  to   space 512K, 0% used [0x00000000d5700000,0x00000000d5700000,0x00000000d5780000)
 ParOldGen       total 202240K, used 202025K [0x0000000080000000, 0x000000008c580000, 0x00000000d5580000)
  object space 202240K, 99% used [0x0000000080000000,0x000000008c54a530,0x000000008c580000)
 Metaspace       used 68040K, committed 69504K, reserved 1114112K
  class space    used 6860K, committed 7488K, reserved 1048576K
}
Event: 22.241 GC heap after
{Heap after GC invocations=544 (full 3):
 PSYoungGen      total 2048K, used 256K [0x00000000d5580000, 0x00000000d5880000, 0x0000000100000000)
  eden space 1536K, 0% used [0x00000000d5580000,0x00000000d5580000,0x00000000d5700000)
  from space 512K, 50% used [0x00000000d5700000,0x00000000d5740000,0x00000000d5780000)
  to   space 512K, 0% used [0x00000000d5800000,0x00000000d5800000,0x00000000d5880000)
 ParOldGen       total 202752K, used 202295K [0x0000000080000000, 0x000000008c600000, 0x00000000d5580000)
  object space 202752K, 99% used [0x0000000080000000,0x000000008c58dc00,0x000000008c600000)
 Metaspace       used 68040K, committed 69504K, reserved 1114112K
  class space    used 6860K, committed 7488K, reserved 1048576K
}
Event: 22.253 GC heap before
{Heap before GC invocations=545 (full 3):
 PSYoungGen      total 2048K, used 1792K [0x00000000d5580000, 0x00000000d5880000, 0x0000000100000000)
  eden space 1536K, 100% used [0x00000000d5580000,0x00000000d5700000,0x00000000d5700000)
  from space 512K, 50% used [0x00000000d5700000,0x00000000d5740000,0x00000000d5780000)
  to   space 512K, 0% used [0x00000000d5800000,0x00000000d5800000,0x00000000d5880000)
 ParOldGen       total 203776K, used 203065K [0x0000000080000000, 0x000000008c700000, 0x00000000d5580000)
  object space 203776K, 99% used [0x0000000080000000,0x000000008c64e628,0x000000008c700000)
 Metaspace       used 68055K, committed 69504K, reserved 1114112K
  class space    used 6863K, committed 7488K, reserved 1048576K
}
Event: 22.255 GC heap after
{Heap after GC invocations=545 (full 3):
 PSYoungGen      total 2048K, used 256K [0x00000000d5580000, 0x00000000d5880000, 0x0000000100000000)
  eden space 1536K, 0% used [0x00000000d5580000,0x00000000d5580000,0x00000000d5700000)
  from space 512K, 50% used [0x00000000d5800000,0x00000000d5840000,0x00000000d5880000)
  to   space 512K, 0% used [0x00000000d5700000,0x00000000d5700000,0x00000000d5780000)
 ParOldGen       total 203776K, used 203183K [0x0000000080000000, 0x000000008c700000, 0x00000000d5580000)
  object space 203776K, 99% used [0x0000000080000000,0x000000008c66bc08,0x000000008c700000)
 Metaspace       used 68055K, committed 69504K, reserved 1114112K
  class space    used 6863K, committed 7488K, reserved 1048576K
}

Dll operation events (10 events):
Event: 0.013 Loaded shared library c:\Users\anjal\.vscode\extensions\redhat.java-1.44.2025070308-win32-x64\jre\21.0.7-win32-x86_64\bin\java.dll
Event: 0.099 Loaded shared library c:\Users\anjal\.vscode\extensions\redhat.java-1.44.2025070308-win32-x64\jre\21.0.7-win32-x86_64\bin\zip.dll
Event: 0.123 Loaded shared library C:\Users\anjal\.vscode\extensions\redhat.java-1.44.2025070308-win32-x64\jre\21.0.7-win32-x86_64\bin\instrument.dll
Event: 0.128 Loaded shared library C:\Users\anjal\.vscode\extensions\redhat.java-1.44.2025070308-win32-x64\jre\21.0.7-win32-x86_64\bin\net.dll
Event: 0.129 Loaded shared library C:\Users\anjal\.vscode\extensions\redhat.java-1.44.2025070308-win32-x64\jre\21.0.7-win32-x86_64\bin\nio.dll
Event: 0.132 Loaded shared library C:\Users\anjal\.vscode\extensions\redhat.java-1.44.2025070308-win32-x64\jre\21.0.7-win32-x86_64\bin\zip.dll
Event: 0.154 Loaded shared library C:\Users\anjal\.vscode\extensions\redhat.java-1.44.2025070308-win32-x64\jre\21.0.7-win32-x86_64\bin\jimage.dll
Event: 0.226 Loaded shared library c:\Users\anjal\.vscode\extensions\redhat.java-1.44.2025070308-win32-x64\jre\21.0.7-win32-x86_64\bin\verify.dll
Event: 1.338 Loaded shared library C:\Users\anjal\AppData\Roaming\Code\User\globalStorage\redhat.java\1.44.2025070308\config_win\org.eclipse.equinox.launcher\org.eclipse.equinox.launcher.win32.win32.x86_64_1.2.1300.v20250331-1702\eclipse_11911.dll
Event: 2.737 Loaded shared library C:\Users\anjal\AppData\Local\Temp\jna-92963528\jna4164926174595586250.dll

Deoptimization events (20 events):
Event: 22.243 Thread 0x0000016158addee0 Uncommon trap: trap_request=0xffffffde fr.pc=0x0000016108213684 relative=0x0000000000000b24
Event: 22.243 Thread 0x0000016158addee0 Uncommon trap: reason=class_check action=maybe_recompile pc=0x0000016108213684 method=lombok.eclipse.EclipseNode.traverse(Llombok/eclipse/EclipseASTVisitor;)V @ 305 c2
Event: 22.243 Thread 0x0000016158addee0 DEOPT PACKING pc=0x0000016108213684 sp=0x0000001dd17fd760
Event: 22.243 Thread 0x0000016158addee0 DEOPT UNPACKING pc=0x0000016107586da2 sp=0x0000001dd17fd708 mode 2
Event: 22.243 Thread 0x0000016158addee0 Uncommon trap: trap_request=0xffffffde fr.pc=0x0000016108213684 relative=0x0000000000000b24
Event: 22.243 Thread 0x0000016158addee0 Uncommon trap: reason=class_check action=maybe_recompile pc=0x0000016108213684 method=lombok.eclipse.EclipseNode.traverse(Llombok/eclipse/EclipseASTVisitor;)V @ 305 c2
Event: 22.243 Thread 0x0000016158addee0 DEOPT PACKING pc=0x0000016108213684 sp=0x0000001dd17fd7f0
Event: 22.243 Thread 0x0000016158addee0 DEOPT UNPACKING pc=0x0000016107586da2 sp=0x0000001dd17fd798 mode 2
Event: 22.243 Thread 0x0000016158addee0 Uncommon trap: trap_request=0xffffffde fr.pc=0x0000016108213684 relative=0x0000000000000b24
Event: 22.243 Thread 0x0000016158addee0 Uncommon trap: reason=class_check action=maybe_recompile pc=0x0000016108213684 method=lombok.eclipse.EclipseNode.traverse(Llombok/eclipse/EclipseASTVisitor;)V @ 305 c2
Event: 22.243 Thread 0x0000016158addee0 DEOPT PACKING pc=0x0000016108213684 sp=0x0000001dd17fd7f0
Event: 22.243 Thread 0x0000016158addee0 DEOPT UNPACKING pc=0x0000016107586da2 sp=0x0000001dd17fd798 mode 2
Event: 22.251 Thread 0x0000016158adec00 Uncommon trap: trap_request=0xffffff45 fr.pc=0x0000016107b9f15c relative=0x000000000000019c
Event: 22.251 Thread 0x0000016158adec00 Uncommon trap: reason=unstable_if action=reinterpret pc=0x0000016107b9f15c method=java.util.concurrent.ConcurrentHashMap.get(Ljava/lang/Object;)Ljava/lang/Object; @ 152 c2
Event: 22.251 Thread 0x0000016158adec00 DEOPT PACKING pc=0x0000016107b9f15c sp=0x0000001dd16fdf20
Event: 22.251 Thread 0x0000016158adec00 DEOPT UNPACKING pc=0x0000016107586da2 sp=0x0000001dd16fde98 mode 2
Event: 22.251 Thread 0x0000016158adec00 Uncommon trap: trap_request=0xffffff45 fr.pc=0x000001610842ed78 relative=0x0000000000000bd8
Event: 22.251 Thread 0x0000016158adec00 Uncommon trap: reason=unstable_if action=reinterpret pc=0x000001610842ed78 method=java.util.concurrent.ConcurrentHashMap.putVal(Ljava/lang/Object;Ljava/lang/Object;Z)Ljava/lang/Object; @ 245 c2
Event: 22.251 Thread 0x0000016158adec00 DEOPT PACKING pc=0x000001610842ed78 sp=0x0000001dd16fde70
Event: 22.251 Thread 0x0000016158adec00 DEOPT UNPACKING pc=0x0000016107586da2 sp=0x0000001dd16fddf8 mode 2

Classes loaded (20 events):
Event: 16.493 Loading class jdk/internal/module/IllegalAccessLogger
Event: 16.493 Loading class jdk/internal/module/IllegalAccessLogger done
Event: 17.125 Loading class java/util/ArrayDeque$DeqSpliterator
Event: 17.125 Loading class java/util/ArrayDeque$DeqSpliterator done
Event: 17.686 Loading class org/xml/sax/SAXNotRecognizedException
Event: 17.686 Loading class org/xml/sax/SAXNotRecognizedException done
Event: 17.686 Loading class org/xml/sax/SAXNotSupportedException
Event: 17.686 Loading class org/xml/sax/SAXNotSupportedException done
Event: 17.687 Loading class com/sun/org/apache/xerces/internal/util/URI
Event: 17.688 Loading class com/sun/org/apache/xerces/internal/util/URI done
Event: 17.696 Loading class com/sun/org/apache/xerces/internal/xni/XNIException
Event: 17.696 Loading class com/sun/org/apache/xerces/internal/xni/XNIException done
Event: 17.696 Loading class com/sun/org/apache/xerces/internal/xni/parser/XMLParseException
Event: 17.696 Loading class com/sun/org/apache/xerces/internal/xni/parser/XMLParseException done
Event: 18.439 Loading class jdk/internal/module/IllegalAccessLogger
Event: 18.439 Loading class jdk/internal/module/IllegalAccessLogger done
Event: 21.121 Loading class java/util/HashMap$EntrySpliterator
Event: 21.121 Loading class java/util/HashMap$EntrySpliterator done
Event: 21.220 Loading class java/lang/UnsupportedClassVersionError
Event: 21.220 Loading class java/lang/UnsupportedClassVersionError done

Classes unloaded (7 events):
Event: 3.222 Thread 0x000001617a6cccb0 Unloading class 0x000001611419c000 'java/lang/invoke/LambdaForm$MH+0x000001611419c000'
Event: 3.222 Thread 0x000001617a6cccb0 Unloading class 0x000001611419bc00 'java/lang/invoke/LambdaForm$MH+0x000001611419bc00'
Event: 3.222 Thread 0x000001617a6cccb0 Unloading class 0x000001611419b800 'java/lang/invoke/LambdaForm$MH+0x000001611419b800'
Event: 3.222 Thread 0x000001617a6cccb0 Unloading class 0x000001611419b400 'java/lang/invoke/LambdaForm$MH+0x000001611419b400'
Event: 3.222 Thread 0x000001617a6cccb0 Unloading class 0x000001611419b000 'java/lang/invoke/LambdaForm$BMH+0x000001611419b000'
Event: 3.222 Thread 0x000001617a6cccb0 Unloading class 0x000001611419ac00 'java/lang/invoke/LambdaForm$DMH+0x000001611419ac00'
Event: 3.222 Thread 0x000001617a6cccb0 Unloading class 0x0000016114199800 'java/lang/invoke/LambdaForm$DMH+0x0000016114199800'

Classes redefined (0 events):
No events

Internal exceptions (20 events):
Event: 21.318 Thread 0x000001617f86eee0 Exception <a 'sun/nio/fs/WindowsException'{0x00000000d55e12f8}> (0x00000000d55e12f8) 
thrown [s\src\hotspot\share\prims\jni.cpp, line 520]
Event: 21.319 Thread 0x000001617f86eee0 Exception <a 'sun/nio/fs/WindowsException'{0x00000000d55e1928}> (0x00000000d55e1928) 
thrown [s\src\hotspot\share\prims\jni.cpp, line 520]
Event: 21.319 Thread 0x000001617f86eee0 Exception <a 'sun/nio/fs/WindowsException'{0x00000000d55e30c0}> (0x00000000d55e30c0) 
thrown [s\src\hotspot\share\prims\jni.cpp, line 520]
Event: 21.319 Thread 0x000001617f86eee0 Exception <a 'sun/nio/fs/WindowsException'{0x00000000d55e3938}> (0x00000000d55e3938) 
thrown [s\src\hotspot\share\prims\jni.cpp, line 520]
Event: 21.325 Thread 0x000001617f86eee0 Exception <a 'sun/nio/fs/WindowsException'{0x00000000d56097d8}> (0x00000000d56097d8) 
thrown [s\src\hotspot\share\prims\jni.cpp, line 520]
Event: 21.325 Thread 0x000001617f86eee0 Exception <a 'sun/nio/fs/WindowsException'{0x00000000d560a0b8}> (0x00000000d560a0b8) 
thrown [s\src\hotspot\share\prims\jni.cpp, line 520]
Event: 21.328 Thread 0x0000016158adec00 Exception <a 'java/lang/NoSuchMethodError'{0x00000000d56373a8}: 'int java.lang.invoke.Invokers$Holder.invokeExact_MT(java.lang.Object, java.lang.Object)'> (0x00000000d56373a8) 
thrown [s\src\hotspot\share\interpreter\linkResolver.cpp, line 773]
Event: 21.400 Thread 0x0000016159b81550 Exception <a 'java/lang/IncompatibleClassChangeError'{0x00000000d5580450}: Found class java.lang.Object, but interface was expected> (0x00000000d5580450) 
thrown [s\src\hotspot\share\interpreter\linkResolver.cpp, line 840]
Event: 21.426 Thread 0x0000016158adec00 Exception <a 'java/lang/IncompatibleClassChangeError'{0x00000000d5636838}: Found class java.lang.Object, but interface was expected> (0x00000000d5636838) 
thrown [s\src\hotspot\share\interpreter\linkResolver.cpp, line 840]
Event: 22.087 Thread 0x0000016158addee0 Implicit null exception at 0x000001610841aa7b to 0x000001610841cb78
Event: 22.087 Thread 0x0000016158addee0 Implicit null exception at 0x000001610841727f to 0x0000016108417e20
Event: 22.190 Thread 0x000001617f86eee0 Exception <a 'sun/nio/fs/WindowsException'{0x00000000d56970d0}> (0x00000000d56970d0) 
thrown [s\src\hotspot\share\prims\jni.cpp, line 520]
Event: 22.190 Thread 0x000001617f86eee0 Exception <a 'sun/nio/fs/WindowsException'{0x00000000d5697700}> (0x00000000d5697700) 
thrown [s\src\hotspot\share\prims\jni.cpp, line 520]
Event: 22.193 Thread 0x000001617f86eee0 Exception <a 'sun/nio/fs/WindowsException'{0x00000000d56c5d48}> (0x00000000d56c5d48) 
thrown [s\src\hotspot\share\prims\jni.cpp, line 520]
Event: 22.193 Thread 0x000001617f86eee0 Exception <a 'sun/nio/fs/WindowsException'{0x00000000d56c6378}> (0x00000000d56c6378) 
thrown [s\src\hotspot\share\prims\jni.cpp, line 520]
Event: 22.194 Thread 0x000001617f86eee0 Exception <a 'sun/nio/fs/WindowsException'{0x00000000d56d85c0}> (0x00000000d56d85c0) 
thrown [s\src\hotspot\share\prims\jni.cpp, line 520]
Event: 22.194 Thread 0x000001617f86eee0 Exception <a 'sun/nio/fs/WindowsException'{0x00000000d56d8bf0}> (0x00000000d56d8bf0) 
thrown [s\src\hotspot\share\prims\jni.cpp, line 520]
Event: 22.205 Thread 0x000001617f86eee0 Exception <a 'sun/nio/fs/WindowsException'{0x00000000d56522f0}> (0x00000000d56522f0) 
thrown [s\src\hotspot\share\prims\jni.cpp, line 520]
Event: 22.205 Thread 0x000001617f86eee0 Exception <a 'sun/nio/fs/WindowsException'{0x00000000d565eec8}> (0x00000000d565eec8) 
thrown [s\src\hotspot\share\prims\jni.cpp, line 520]
Event: 22.214 Thread 0x0000016158addee0 Implicit null exception at 0x000001610828d15a to 0x000001610828d1b3

ZGC Phase Switch (0 events):
No events

VM Operations (20 events):
Event: 22.158 Executing VM operation: ParallelGCFailedAllocation (Allocation Failure)
Event: 22.160 Executing VM operation: ParallelGCFailedAllocation (Allocation Failure) done
Event: 22.169 Executing VM operation: ParallelGCFailedAllocation (Allocation Failure)
Event: 22.172 Executing VM operation: ParallelGCFailedAllocation (Allocation Failure) done
Event: 22.184 Executing VM operation: HandshakeAllThreads (Deoptimize)
Event: 22.184 Executing VM operation: HandshakeAllThreads (Deoptimize) done
Event: 22.185 Executing VM operation: ParallelGCFailedAllocation (Allocation Failure)
Event: 22.187 Executing VM operation: ParallelGCFailedAllocation (Allocation Failure) done
Event: 22.196 Executing VM operation: ParallelGCFailedAllocation (Allocation Failure)
Event: 22.201 Executing VM operation: ParallelGCFailedAllocation (Allocation Failure) done
Event: 22.202 Executing VM operation: HandshakeAllThreads (Deoptimize)
Event: 22.207 Executing VM operation: HandshakeAllThreads (Deoptimize) done
Event: 22.209 Executing VM operation: ParallelGCFailedAllocation (Allocation Failure)
Event: 22.211 Executing VM operation: ParallelGCFailedAllocation (Allocation Failure) done
Event: 22.225 Executing VM operation: ParallelGCFailedAllocation (Allocation Failure)
Event: 22.228 Executing VM operation: ParallelGCFailedAllocation (Allocation Failure) done
Event: 22.239 Executing VM operation: ParallelGCFailedAllocation (Allocation Failure)
Event: 22.241 Executing VM operation: ParallelGCFailedAllocation (Allocation Failure) done
Event: 22.253 Executing VM operation: ParallelGCFailedAllocation (Allocation Failure)
Event: 22.255 Executing VM operation: ParallelGCFailedAllocation (Allocation Failure) done

Memory protections (0 events):
No events

Nmethod flushes (20 events):
Event: 10.347 Thread 0x000001617a6cccb0 flushing  nmethod 0x00000161008e1f10
Event: 10.347 Thread 0x000001617a6cccb0 flushing  nmethod 0x00000161008e5190
Event: 10.347 Thread 0x000001617a6cccb0 flushing  nmethod 0x00000161008e6a10
Event: 10.347 Thread 0x000001617a6cccb0 flushing  nmethod 0x00000161008e7010
Event: 10.347 Thread 0x000001617a6cccb0 flushing  nmethod 0x00000161008e7890
Event: 10.347 Thread 0x000001617a6cccb0 flushing  nmethod 0x00000161008eb810
Event: 10.347 Thread 0x000001617a6cccb0 flushing  nmethod 0x00000161008fa610
Event: 10.347 Thread 0x000001617a6cccb0 flushing  nmethod 0x00000161008fab10
Event: 10.347 Thread 0x000001617a6cccb0 flushing  nmethod 0x00000161008fb090
Event: 10.347 Thread 0x000001617a6cccb0 flushing  nmethod 0x0000016100912910
Event: 10.347 Thread 0x000001617a6cccb0 flushing  nmethod 0x0000016100965c90
Event: 10.347 Thread 0x000001617a6cccb0 flushing  nmethod 0x0000016100967790
Event: 10.347 Thread 0x000001617a6cccb0 flushing  nmethod 0x0000016100969090
Event: 10.347 Thread 0x000001617a6cccb0 flushing  nmethod 0x0000016100971d10
Event: 10.347 Thread 0x000001617a6cccb0 flushing  nmethod 0x0000016100972710
Event: 10.347 Thread 0x000001617a6cccb0 flushing  nmethod 0x0000016100972b90
Event: 10.347 Thread 0x000001617a6cccb0 flushing  nmethod 0x0000016100972f90
Event: 10.347 Thread 0x000001617a6cccb0 flushing  nmethod 0x000001610097ba10
Event: 10.347 Thread 0x000001617a6cccb0 flushing  nmethod 0x000001610097cc10
Event: 10.347 Thread 0x000001617a6cccb0 flushing  nmethod 0x0000016100995990

Events (20 events):
Event: 14.068 Thread 0x000001617f86f570 Thread added: 0x0000016158ade570
Event: 14.068 Thread 0x000001617f86f570 Thread added: 0x0000016158adec00
Event: 14.068 Thread 0x000001617f86f570 Thread added: 0x0000016158ae4e70
Event: 14.126 Thread 0x0000016158ae4e70 Thread exited: 0x0000016158ae4e70
Event: 14.127 Thread 0x0000016158ae3ac0 Thread exited: 0x0000016158ae3ac0
Event: 14.127 Thread 0x0000016158ae2710 Thread exited: 0x0000016158ae2710
Event: 14.129 Thread 0x0000016158adec00 Thread exited: 0x0000016158adec00
Event: 14.131 Thread 0x0000016158ade570 Thread exited: 0x0000016158ade570
Event: 14.608 Thread 0x0000016159b81550 Thread added: 0x0000016158adec00
Event: 15.154 Thread 0x0000016159b81550 Thread added: 0x0000016158ae19f0
Event: 17.108 Thread 0x0000016159b80ec0 Thread added: 0x0000016158ae4e70
Event: 18.850 Thread 0x00000161594413f0 Thread exited: 0x00000161594413f0
Event: 19.445 Thread 0x000001617a70dbd0 Thread added: 0x00000161594413c0
Event: 19.721 Thread 0x00000161594413c0 Thread exited: 0x00000161594413c0
Event: 20.118 Thread 0x000001617a70dbd0 Thread added: 0x00000161594413c0
Event: 20.262 Thread 0x00000161594413c0 Thread exited: 0x00000161594413c0
Event: 20.262 Thread 0x0000016158ae19f0 Thread exited: 0x0000016158ae19f0
Event: 20.727 Thread 0x000001617a70dbd0 Thread added: 0x00000161653fa900
Event: 21.144 Thread 0x0000016159b81550 Thread added: 0x0000016158addee0
Event: 21.382 Thread 0x0000016159b81550 Thread added: 0x0000016158ae5500


Dynamic libraries:
0x00007ff7cc100000 - 0x00007ff7cc10e000 	c:\Users\anjal\.vscode\extensions\redhat.java-1.44.2025070308-win32-x64\jre\21.0.7-win32-x86_64\bin\java.exe
0x00007fff53da0000 - 0x00007fff53fa9000 	C:\WINDOWS\SYSTEM32\ntdll.dll
0x00007fff52e00000 - 0x00007fff52ebd000 	C:\WINDOWS\System32\KERNEL32.DLL
0x00007fff51480000 - 0x00007fff51804000 	C:\WINDOWS\System32\KERNELBASE.dll
0x00007fff512f0000 - 0x00007fff51401000 	C:\WINDOWS\System32\ucrtbase.dll
0x00007fff16730000 - 0x00007fff16748000 	c:\Users\anjal\.vscode\extensions\redhat.java-1.44.2025070308-win32-x64\jre\21.0.7-win32-x86_64\bin\jli.dll
0x00007fff521b0000 - 0x00007fff5235d000 	C:\WINDOWS\System32\USER32.dll
0x00007fff51980000 - 0x00007fff519a6000 	C:\WINDOWS\System32\win32u.dll
0x00007fff53b70000 - 0x00007fff53b9a000 	C:\WINDOWS\System32\GDI32.dll
0x00007fff51a50000 - 0x00007fff51b6e000 	C:\WINDOWS\System32\gdi32full.dll
0x00007fff519b0000 - 0x00007fff51a4d000 	C:\WINDOWS\System32\msvcp_win.dll
0x00007fff13120000 - 0x00007fff1313e000 	c:\Users\anjal\.vscode\extensions\redhat.java-1.44.2025070308-win32-x64\jre\21.0.7-win32-x86_64\bin\VCRUNTIME140.dll
0x00007fff376b0000 - 0x00007fff37955000 	C:\WINDOWS\WinSxS\amd64_microsoft.windows.common-controls_6595b64144ccf1df_6.0.22000.120_none_9d947278b86cc467\COMCTL32.dll
0x00007fff53ca0000 - 0x00007fff53d43000 	C:\WINDOWS\System32\msvcrt.dll
0x00007fff52ec0000 - 0x00007fff52ef1000 	C:\WINDOWS\System32\IMM32.DLL
0x00007fff4a470000 - 0x00007fff4a47c000 	c:\Users\anjal\.vscode\extensions\redhat.java-1.44.2025070308-win32-x64\jre\21.0.7-win32-x86_64\bin\vcruntime140_1.dll
0x00007fff08a60000 - 0x00007fff08aed000 	c:\Users\anjal\.vscode\extensions\redhat.java-1.44.2025070308-win32-x64\jre\21.0.7-win32-x86_64\bin\msvcp140.dll
0x00007ffe65390000 - 0x00007ffe66120000 	c:\Users\anjal\.vscode\extensions\redhat.java-1.44.2025070308-win32-x64\jre\21.0.7-win32-x86_64\bin\server\jvm.dll
0x00007fff51f20000 - 0x00007fff51fce000 	C:\WINDOWS\System32\ADVAPI32.dll
0x00007fff52360000 - 0x00007fff523fe000 	C:\WINDOWS\System32\sechost.dll
0x00007fff51fd0000 - 0x00007fff520f1000 	C:\WINDOWS\System32\RPCRT4.dll
0x00007fff53c30000 - 0x00007fff53c9f000 	C:\WINDOWS\System32\WS2_32.dll
0x00007fff4fcc0000 - 0x00007fff4fd0d000 	C:\WINDOWS\SYSTEM32\POWRPROF.dll
0x00007fff414c0000 - 0x00007fff414f3000 	C:\WINDOWS\SYSTEM32\WINMM.dll
0x00007fff40910000 - 0x00007fff4091a000 	C:\WINDOWS\SYSTEM32\VERSION.dll
0x00007fff4fca0000 - 0x00007fff4fcb3000 	C:\WINDOWS\SYSTEM32\UMPDC.dll
0x00007fff50390000 - 0x00007fff503a8000 	C:\WINDOWS\SYSTEM32\kernel.appcore.dll
0x00007fff391e0000 - 0x00007fff391ea000 	c:\Users\anjal\.vscode\extensions\redhat.java-1.44.2025070308-win32-x64\jre\21.0.7-win32-x86_64\bin\jimage.dll
0x00007fff4ed00000 - 0x00007fff4ef21000 	C:\WINDOWS\SYSTEM32\DBGHELP.DLL
0x00007fff33980000 - 0x00007fff339b1000 	C:\WINDOWS\SYSTEM32\dbgcore.DLL
0x00007fff51b70000 - 0x00007fff51bef000 	C:\WINDOWS\System32\bcryptPrimitives.dll
0x00007fff37d30000 - 0x00007fff37d3f000 	c:\Users\anjal\.vscode\extensions\redhat.java-1.44.2025070308-win32-x64\jre\21.0.7-win32-x86_64\bin\instrument.dll
0x00007fff0eb00000 - 0x00007fff0eb1f000 	c:\Users\anjal\.vscode\extensions\redhat.java-1.44.2025070308-win32-x64\jre\21.0.7-win32-x86_64\bin\java.dll
0x00007fff52630000 - 0x00007fff52df5000 	C:\WINDOWS\System32\SHELL32.dll
0x00007fff4f300000 - 0x00007fff4fb62000 	C:\WINDOWS\SYSTEM32\windows.storage.dll
0x00007fff530c0000 - 0x00007fff53436000 	C:\WINDOWS\System32\combase.dll
0x00007fff4f190000 - 0x00007fff4f2f7000 	C:\WINDOWS\SYSTEM32\wintypes.dll
0x00007fff51e30000 - 0x00007fff51f1a000 	C:\WINDOWS\System32\SHCORE.dll
0x00007fff53bb0000 - 0x00007fff53c0d000 	C:\WINDOWS\System32\shlwapi.dll
0x00007fff51160000 - 0x00007fff51185000 	C:\WINDOWS\SYSTEM32\profapi.dll
0x00007fff39b50000 - 0x00007fff39b68000 	c:\Users\anjal\.vscode\extensions\redhat.java-1.44.2025070308-win32-x64\jre\21.0.7-win32-x86_64\bin\zip.dll
0x00007fff4a530000 - 0x00007fff4a540000 	C:\Users\anjal\.vscode\extensions\redhat.java-1.44.2025070308-win32-x64\jre\21.0.7-win32-x86_64\bin\net.dll
0x00007fff45530000 - 0x00007fff45644000 	C:\WINDOWS\SYSTEM32\WINHTTP.dll
0x00007fff50840000 - 0x00007fff508a7000 	C:\WINDOWS\system32\mswsock.dll
0x00007fff38bf0000 - 0x00007fff38c06000 	C:\Users\anjal\.vscode\extensions\redhat.java-1.44.2025070308-win32-x64\jre\21.0.7-win32-x86_64\bin\nio.dll
0x00007fff39ab0000 - 0x00007fff39ac0000 	c:\Users\anjal\.vscode\extensions\redhat.java-1.44.2025070308-win32-x64\jre\21.0.7-win32-x86_64\bin\verify.dll
0x00007fff24300000 - 0x00007fff24345000 	C:\Users\anjal\AppData\Roaming\Code\User\globalStorage\redhat.java\1.44.2025070308\config_win\org.eclipse.equinox.launcher\org.eclipse.equinox.launcher.win32.win32.x86_64_1.2.1300.v20250331-1702\eclipse_11911.dll
0x00007fff52480000 - 0x00007fff5261a000 	C:\WINDOWS\System32\ole32.dll
0x00007fff50a80000 - 0x00007fff50a98000 	C:\WINDOWS\SYSTEM32\CRYPTSP.dll
0x00007fff502f0000 - 0x00007fff50325000 	C:\WINDOWS\system32\rsaenh.dll
0x00007fff50930000 - 0x00007fff5095c000 	C:\WINDOWS\SYSTEM32\USERENV.dll
0x00007fff50c00000 - 0x00007fff50c27000 	C:\WINDOWS\SYSTEM32\bcrypt.dll
0x00007fff50aa0000 - 0x00007fff50aac000 	C:\WINDOWS\SYSTEM32\CRYPTBASE.dll
0x00007fff4feb0000 - 0x00007fff4fedd000 	C:\WINDOWS\SYSTEM32\IPHLPAPI.DLL
0x00007fff52620000 - 0x00007fff52629000 	C:\WINDOWS\System32\NSI.dll
0x00007fff1d6e0000 - 0x00007fff1d729000 	C:\Users\anjal\AppData\Local\Temp\jna-92963528\jna4164926174595586250.dll
0x00007fff53d50000 - 0x00007fff53d58000 	C:\WINDOWS\System32\PSAPI.DLL
0x00007fff44cd0000 - 0x00007fff44ce9000 	C:\WINDOWS\SYSTEM32\dhcpcsvc6.DLL
0x00007fff45340000 - 0x00007fff4535e000 	C:\WINDOWS\SYSTEM32\dhcpcsvc.DLL

dbghelp: loaded successfully - version: 4.0.5 - missing functions: none
symbol engine: initialized successfully - sym options: 0x614 - pdb path: .;c:\Users\anjal\.vscode\extensions\redhat.java-1.44.2025070308-win32-x64\jre\21.0.7-win32-x86_64\bin;C:\WINDOWS\SYSTEM32;C:\WINDOWS\WinSxS\amd64_microsoft.windows.common-controls_6595b64144ccf1df_6.0.22000.120_none_9d947278b86cc467;c:\Users\anjal\.vscode\extensions\redhat.java-1.44.2025070308-win32-x64\jre\21.0.7-win32-x86_64\bin\server;C:\Users\anjal\AppData\Roaming\Code\User\globalStorage\redhat.java\1.44.2025070308\config_win\org.eclipse.equinox.launcher\org.eclipse.equinox.launcher.win32.win32.x86_64_1.2.1300.v20250331-1702;C:\Users\anjal\AppData\Local\Temp\jna-92963528

VM Arguments:
jvm_args: --add-modules=ALL-SYSTEM --add-opens=java.base/java.util=ALL-UNNAMED --add-opens=java.base/java.lang=ALL-UNNAMED --add-opens=java.base/sun.nio.fs=ALL-UNNAMED -Declipse.application=org.eclipse.jdt.ls.core.id1 -Dosgi.bundles.defaultStartLevel=4 -Declipse.product=org.eclipse.jdt.ls.core.product -Djava.import.generatesMetadataFilesAtProjectRoot=false -DDetectVMInstallationsJob.disabled=true -Dfile.encoding=utf8 -XX:+UseParallelGC -XX:GCTimeRatio=4 -XX:AdaptiveSizePolicyWeight=90 -Dsun.zip.disableMemoryMapping=true -Xmx2G -Xms100m -Xlog:disable -javaagent:c:\Users\anjal\.vscode\extensions\redhat.java-1.44.2025070308-win32-x64\lombok\lombok-1.18.39-4050.jar -XX:+HeapDumpOnOutOfMemoryError -XX:HeapDumpPath=c:\Users\anjal\AppData\Roaming\Code\User\workspaceStorage\5bc69bf917e65296d5a6d4b95341d341\redhat.java -Daether.dependencyCollector.impl=bf 
java_command: c:\Users\anjal\.vscode\extensions\redhat.java-1.44.2025070308-win32-x64\server\plugins\org.eclipse.equinox.launcher_1.7.0.v20250519-0528.jar -configuration c:\Users\anjal\AppData\Roaming\Code\User\globalStorage\redhat.java\1.44.2025070308\config_win -data c:\Users\anjal\AppData\Roaming\Code\User\workspaceStorage\5bc69bf917e65296d5a6d4b95341d341\redhat.java\jdt_ws --pipe=\\.\pipe\lsp-51d7bf14d239055af7345ebe39d66e91-sock
java_class_path (initial): c:\Users\anjal\.vscode\extensions\redhat.java-1.44.2025070308-win32-x64\server\plugins\org.eclipse.equinox.launcher_1.7.0.v20250519-0528.jar
Launcher Type: SUN_STANDARD

[Global flags]
    uintx AdaptiveSizePolicyWeight                 = 90                                        {product} {command line}
     intx CICompilerCount                          = 3                                         {product} {ergonomic}
    uintx GCTimeRatio                              = 4                                         {product} {command line}
     bool HeapDumpOnOutOfMemoryError               = true                                   {manageable} {command line}
    ccstr HeapDumpPath                             = c:\Users\anjal\AppData\Roaming\Code\User\workspaceStorage\5bc69bf917e65296d5a6d4b95341d341\redhat.java         {manageable} {command line}
   size_t InitialHeapSize                          = 104857600                                 {product} {command line}
   size_t MaxHeapSize                              = 2147483648                                {product} {command line}
   size_t MaxNewSize                               = 715653120                                 {product} {ergonomic}
   size_t MinHeapDeltaBytes                        = 524288                                    {product} {ergonomic}
   size_t MinHeapSize                              = 104857600                                 {product} {command line}
   size_t NewSize                                  = 34603008                                  {product} {ergonomic}
    uintx NonNMethodCodeHeapSize                   = 5832780                                {pd product} {ergonomic}
    uintx NonProfiledCodeHeapSize                  = 122912730                              {pd product} {ergonomic}
   size_t OldSize                                  = 70254592                                  {product} {ergonomic}
    uintx ProfiledCodeHeapSize                     = 122912730                              {pd product} {ergonomic}
    uintx ReservedCodeCacheSize                    = 251658240                              {pd product} {ergonomic}
     bool SegmentedCodeCache                       = true                                      {product} {ergonomic}
   size_t SoftMaxHeapSize                          = 2147483648                             {manageable} {ergonomic}
     bool UseCompressedOops                        = true                           {product lp64_product} {ergonomic}
     bool UseLargePagesIndividualAllocation        = false                                  {pd product} {ergonomic}
     bool UseParallelGC                            = true                                      {product} {command line}

Logging:
Log output configuration:
 #0: stdout all=off uptime,level,tags foldmultilines=false
 #1: stderr all=off uptime,level,tags foldmultilines=false

Environment Variables:
JAVA_HOME=C:\Program Files\Java\jdk-17\
PATH=C:\Maven\apache-maven-3.8.8\bin;C:\Program Files\Java\jdk-17\bin;C:\Program Files\Common Files\Oracle\Java\javapath;D:\c lang\c lang programs;D:\c lang\bin;C:\Program Files\Java\jdk-18.0.2.1\bin;C:\WINDOWS\system32;C:\WINDOWS;C:\WINDOWS\System32\Wbem;C:\WINDOWS\System32\WindowsPowerShell\v1.0\;C:\WINDOWS\System32\OpenSSH\;C:\Program Files\dotnet\;C:\Program Files\Microsoft SQL Server\110\Tools\Binn\;C:\Program Files\php8.1.9;C:\Program Files\Java\jdk-18.0.2.1\bin;C:\Program Files (x86)\dotnet\;C:\Users\anjal\Desktop;C:\Program Files\Microsoft SQL Server\150\Tools\Binn\;C:\Program Files\Microsoft SQL Server\Client SDK\ODBC\170\Tools\Binn\;C:\Program Files\MySQL\MySQL Server 5.5\bin;D:\New folder (7);C:\Program Files\Git\cmd;C:\Program Files\Java\jdk-24\bin;C:\Program Files\MySQL\MySQL Server 8.4\bin;C:\Program Files\MySQL\MySQL Server 8.4\bin;C:\Program Files\nodejs\;C:\Program Files\MySQL\MySQL Shell 8.0\bin\;C:\Users\anjal\Desktop;C:\Users\anjal\.dotnet\tools;C:\Users\anjal\AppData\Local\Programs\Fiddler;C:\Users\anjal\AppData\Local\Programs\Microsoft VS Code\bin;C:\Program Files\MySQL\MySQL Server 8.4\bin;C:\Users\anjal\AppData\Roaming\npm
USERNAME=anjal
OS=Windows_NT
PROCESSOR_IDENTIFIER=Intel64 Family 6 Model 140 Stepping 1, GenuineIntel
TMP=C:\Users\anjal\AppData\Local\Temp
TEMP=C:\Users\anjal\AppData\Local\Temp




Periodic native trim disabled

---------------  S Y S T E M  ---------------

OS:
 Windows 11 , 64 bit Build 22000 (10.0.22000.2538)
OS uptime: 0 days 7:39 hours

CPU: total 4 (initial active 4) (2 cores per cpu, 2 threads per core) family 6 model 140 stepping 1 microcode 0x9a, cx8, cmov, fxsr, ht, mmx, 3dnowpref, sse, sse2, sse3, ssse3, sse4.1, sse4.2, popcnt, lzcnt, tsc, tscinvbit, avx, avx2, aes, erms, clmul, bmi1, bmi2, adx, avx512f, avx512dq, avx512cd, avx512bw, avx512vl, sha, fma, vzeroupper, avx512_vpopcntdq, avx512_vpclmulqdq, avx512_vaes, avx512_vnni, clflush, clflushopt, clwb, avx512_vbmi2, avx512_vbmi, rdtscp, rdpid, fsrm, gfni, avx512_bitalg, f16c, pku, cet_ibt, cet_ss, avx512_ifma
Processor Information for the first 4 processors :
  Max Mhz: 2901, Current Mhz: 2901, Mhz Limit: 2901

Memory: 4k page, system-wide physical 7834M (492M free)
TotalPageFile size 13132M (AvailPageFile size 5M)
current process WorkingSet (physical memory assigned to process): 485M, peak: 486M
current process commit charge ("private bytes"): 507M, peak: 510M

vm_info: OpenJDK 64-Bit Server VM (21.0.7+6-LTS) for windows-amd64 JRE (21.0.7+6-LTS), built on 2025-04-15T00:00:00Z by "admin" with MS VC++ 17.7 (VS2022)

END.
