#
# There is insufficient memory for the Java Runtime Environment to continue.
# Native memory allocation (mmap) failed to map 130023424 bytes for G1 virtual space
# Possible reasons:
#   The system is out of physical RAM or swap space
#   The process is running with CompressedOops enabled, and the Java Heap may be blocking the growth of the native heap
# Possible solutions:
#   Reduce memory load on the system
#   Increase physical memory or swap space
#   Check if swap backing store is full
#   Decrease Java heap size (-Xmx/-Xms)
#   Decrease number of Java threads
#   Decrease Java thread stack sizes (-Xss)
#   Set larger code cache with -XX:ReservedCodeCacheSize=
#   JVM is running with Unscaled Compressed Oops mode in which the Java heap is
#     placed in the first 4GB address space. The Java Heap base address is the
#     maximum limit for the native heap growth. Please use -XX:HeapBaseMinAddress
#     to set the Java Heap base and to place the Java Heap above 4GB virtual address.
# This output file may be truncated or incomplete.
#
#  Out of Memory Error (os_windows.cpp:3548), pid=19220, tid=11532
#
# JRE version:  (17.0.12+8) (build )
# Java VM: Java HotSpot(TM) 64-Bit Server VM (17.0.12+8-LTS-286, mixed mode, sharing, tiered, compressed oops, compressed class ptrs, g1 gc, windows-amd64)
# No core dump will be written. Minidumps are not enabled by default on client versions of Windows
#

---------------  S U M M A R Y ------------

Command Line: -XX:+ShowCodeDetailsInExceptionMessages com.example.OmnasCar.OmnasCarApplication

Host: 11th Gen Intel(R) Core(TM) i3-1115G4 @ 3.00GHz, 4 cores, 7G,  Windows 11 , 64 bit Build 22000 (10.0.22000.2538)
Time: Mon Jul  7 17:28:25 2025 India Standard Time elapsed time: 0.013387 seconds (0d 0h 0m 0s)

---------------  T H R E A D  ---------------

Current thread (0x0000022820402d50):  JavaThread "Unknown thread" [_thread_in_vm, id=11532, stack(0x000000f326800000,0x000000f326900000)]

Stack: [0x000000f326800000,0x000000f326900000]
Native frames: (J=compiled Java code, j=interpreted, Vv=VM code, C=native code)
V  [jvm.dll+0x67a04a]
V  [jvm.dll+0x7da4ed]
V  [jvm.dll+0x7dbe33]
V  [jvm.dll+0x7dc4a3]
V  [jvm.dll+0x24508f]
V  [jvm.dll+0x677089]
V  [jvm.dll+0x66bd32]
V  [jvm.dll+0x301fa6]
V  [jvm.dll+0x309546]
V  [jvm.dll+0x359d2e]
V  [jvm.dll+0x359f5f]
V  [jvm.dll+0x2d9078]
V  [jvm.dll+0x2d9fe4]
V  [jvm.dll+0x7aca21]
V  [jvm.dll+0x367591]
V  [jvm.dll+0x78b999]
V  [jvm.dll+0x3ec83f]
V  [jvm.dll+0x3ee471]
C  [jli.dll+0x5297]
C  [ucrtbase.dll+0x26c0c]
C  [KERNEL32.DLL+0x153e0]
C  [ntdll.dll+0x485b]


---------------  P R O C E S S  ---------------

Threads class SMR info:
_java_thread_list=0x00007ffe65267a18, length=0, elements={
}

Java Threads: ( => current thread )

Other Threads:
  0x0000022820462f70 GCTaskThread "GC Thread#0" [stack: 0x000000f326900000,0x000000f326a00000] [id=4340]
  0x00000228204733c0 ConcurrentGCThread "G1 Main Marker" [stack: 0x000000f326a00000,0x000000f326b00000] [id=3268]
  0x0000022820473dd0 ConcurrentGCThread "G1 Conc#0" [stack: 0x000000f326b00000,0x000000f326c00000] [id=19044]

[error occurred during error reporting (printing all threads), id 0xc0000005, EXCEPTION_ACCESS_VIOLATION (0xc0000005) at pc=0x00007ffe64a99b67]

VM state: not at safepoint (not fully initialized)

VM Mutex/Monitor currently owned by a thread:  ([mutex/lock_event])
[0x00000228203fe260] Heap_lock - owner thread: 0x0000022820402d50

Heap address: 0x0000000085800000, size: 1960 MB, Compressed Oops mode: 32-bit

CDS archive(s) mapped at: [0x0000000000000000-0x0000000000000000-0x0000000000000000), size 0, SharedBaseAddress: 0x0000000800000000, ArchiveRelocationMode: 1.
Narrow klass base: 0x0000000000000000, Narrow klass shift: 0, Narrow klass range: 0x0

GC Precious Log:
<Empty>

Heap:
 garbage-first heap   total 0K, used 0K [0x0000000085800000, 0x0000000100000000)
  region size 1024K, 0 young (0K), 0 survivors (0K)

[error occurred during error reporting (printing heap information), id 0xc0000005, EXCEPTION_ACCESS_VIOLATION (0xc0000005) at pc=0x00007ffe64e83859]

GC Heap History (0 events):
No events

Deoptimization events (0 events):
No events

Classes unloaded (0 events):
No events

Classes redefined (0 events):
No events

Internal exceptions (0 events):
No events

VM Operations (0 events):
No events

Events (1 events):
Event: 0.009 Loaded shared library C:\Program Files\Java\jdk-17\bin\java.dll


Dynamic libraries:
0x00007ff722b10000 - 0x00007ff722b20000 	C:\Program Files\Java\jdk-17\bin\java.exe
0x00007fff53da0000 - 0x00007fff53fa9000 	C:\WINDOWS\SYSTEM32\ntdll.dll
0x00007fff52e00000 - 0x00007fff52ebd000 	C:\WINDOWS\System32\KERNEL32.DLL
0x00007fff51480000 - 0x00007fff51804000 	C:\WINDOWS\System32\KERNELBASE.dll
0x00007fff512f0000 - 0x00007fff51401000 	C:\WINDOWS\System32\ucrtbase.dll
0x00007fff26f10000 - 0x00007fff26f2b000 	C:\Program Files\Java\jdk-17\bin\VCRUNTIME140.dll
0x00007fff26ef0000 - 0x00007fff26f09000 	C:\Program Files\Java\jdk-17\bin\jli.dll
0x00007fff51f20000 - 0x00007fff51fce000 	C:\WINDOWS\System32\ADVAPI32.dll
0x00007fff53ca0000 - 0x00007fff53d43000 	C:\WINDOWS\System32\msvcrt.dll
0x00007fff52360000 - 0x00007fff523fe000 	C:\WINDOWS\System32\sechost.dll
0x00007fff51fd0000 - 0x00007fff520f1000 	C:\WINDOWS\System32\RPCRT4.dll
0x00007fff521b0000 - 0x00007fff5235d000 	C:\WINDOWS\System32\USER32.dll
0x00007fff51980000 - 0x00007fff519a6000 	C:\WINDOWS\System32\win32u.dll
0x00007fff53b70000 - 0x00007fff53b9a000 	C:\WINDOWS\System32\GDI32.dll
0x00007fff51a50000 - 0x00007fff51b6e000 	C:\WINDOWS\System32\gdi32full.dll
0x00007fff519b0000 - 0x00007fff51a4d000 	C:\WINDOWS\System32\msvcp_win.dll
0x00007fff376b0000 - 0x00007fff37955000 	C:\WINDOWS\WinSxS\amd64_microsoft.windows.common-controls_6595b64144ccf1df_6.0.22000.120_none_9d947278b86cc467\COMCTL32.dll
0x00007fff40910000 - 0x00007fff4091a000 	C:\WINDOWS\SYSTEM32\VERSION.dll
0x00007fff52ec0000 - 0x00007fff52ef1000 	C:\WINDOWS\System32\IMM32.DLL
0x00007fff32940000 - 0x00007fff3294c000 	C:\Program Files\Java\jdk-17\bin\vcruntime140_1.dll
0x00007fff16780000 - 0x00007fff1680e000 	C:\Program Files\Java\jdk-17\bin\msvcp140.dll
0x00007ffe647b0000 - 0x00007ffe65390000 	C:\Program Files\Java\jdk-17\bin\server\jvm.dll
0x00007fff53d50000 - 0x00007fff53d58000 	C:\WINDOWS\System32\PSAPI.DLL
0x00007fff316b0000 - 0x00007fff316b9000 	C:\WINDOWS\SYSTEM32\WSOCK32.dll
0x00007fff414c0000 - 0x00007fff414f3000 	C:\WINDOWS\SYSTEM32\WINMM.dll
0x00007fff53c30000 - 0x00007fff53c9f000 	C:\WINDOWS\System32\WS2_32.dll
0x00007fff50390000 - 0x00007fff503a8000 	C:\WINDOWS\SYSTEM32\kernel.appcore.dll
0x00007fff314f0000 - 0x00007fff314fa000 	C:\Program Files\Java\jdk-17\bin\jimage.dll
0x00007fff4ed00000 - 0x00007fff4ef21000 	C:\WINDOWS\SYSTEM32\DBGHELP.DLL
0x00007fff33980000 - 0x00007fff339b1000 	C:\WINDOWS\SYSTEM32\dbgcore.DLL
0x00007fff51b70000 - 0x00007fff51bef000 	C:\WINDOWS\System32\bcryptPrimitives.dll
0x00007fff26e30000 - 0x00007fff26e55000 	C:\Program Files\Java\jdk-17\bin\java.dll

dbghelp: loaded successfully - version: 4.0.5 - missing functions: none
symbol engine: initialized successfully - sym options: 0x614 - pdb path: .;C:\Program Files\Java\jdk-17\bin;C:\WINDOWS\SYSTEM32;C:\WINDOWS\WinSxS\amd64_microsoft.windows.common-controls_6595b64144ccf1df_6.0.22000.120_none_9d947278b86cc467;C:\Program Files\Java\jdk-17\bin\server

VM Arguments:
jvm_args: -XX:+ShowCodeDetailsInExceptionMessages 
java_command: com.example.OmnasCar.OmnasCarApplication
java_class_path (initial): C:\Users\anjal\Desktop\Data\OmnasCar\target\classes;C:\Users\anjal\.m2\repository\org\springframework\boot\spring-boot-starter\3.5.0\spring-boot-starter-3.5.0.jar;C:\Users\anjal\.m2\repository\org\springframework\boot\spring-boot\3.5.0\spring-boot-3.5.0.jar;C:\Users\anjal\.m2\repository\org\springframework\spring-context\6.2.7\spring-context-6.2.7.jar;C:\Users\anjal\.m2\repository\org\springframework\boot\spring-boot-autoconfigure\3.5.0\spring-boot-autoconfigure-3.5.0.jar;C:\Users\anjal\.m2\repository\org\springframework\boot\spring-boot-starter-logging\3.5.0\spring-boot-starter-logging-3.5.0.jar;C:\Users\anjal\.m2\repository\ch\qos\logback\logback-classic\1.5.18\logback-classic-1.5.18.jar;C:\Users\anjal\.m2\repository\ch\qos\logback\logback-core\1.5.18\logback-core-1.5.18.jar;C:\Users\anjal\.m2\repository\org\apache\logging\log4j\log4j-to-slf4j\2.24.3\log4j-to-slf4j-2.24.3.jar;C:\Users\anjal\.m2\repository\org\apache\logging\log4j\log4j-api\2.24.3\log4j-api-2.24.3.jar;C:\Users\anjal\.m2\repository\org\slf4j\jul-to-slf4j\2.0.17\jul-to-slf4j-2.0.17.jar;C:\Users\anjal\.m2\repository\jakarta\annotation\jakarta.annotation-api\2.1.1\jakarta.annotation-api-2.1.1.jar;C:\Users\anjal\.m2\repository\org\springframework\spring-core\6.2.7\spring-core-6.2.7.jar;C:\Users\anjal\.m2\repository\org\springframework\spring-jcl\6.2.7\spring-jcl-6.2.7.jar;C:\Users\anjal\.m2\repository\org\yaml\snakeyaml\2.4\snakeyaml-2.4.jar;C:\Users\anjal\.m2\repository\org\slf4j\slf4j-api\2.0.17\slf4j-api-2.0.17.jar;C:\Users\anjal\.m2\repository\jakarta\xml\bind\jakarta.xml.bind-api\4.0.2\jakarta.xml.bind-api-4.0.2.jar;C:\Users\anjal\.m2\repository\jakarta\activation\jakarta.activation-api\2.1.3\jakarta.activation-api-2.1.3.jar;C:\Users\anjal\.m2\repository\net\bytebuddy\byte-buddy\1.17.5\byte-buddy-1.17.5.jar;C:\Users\anjal\.m2\repository\org\springframework\boot\spring-boot-starter-web\3.5.0\spring-boot-starter-web-3.5.0.jar;C:\Users\anjal\.m2\repository\org\springframew
Launcher Type: SUN_STANDARD

[Global flags]
     intx CICompilerCount                          = 3                                         {product} {ergonomic}
     uint ConcGCThreads                            = 1                                         {product} {ergonomic}
     uint G1ConcRefinementThreads                  = 4                                         {product} {ergonomic}
   size_t G1HeapRegionSize                         = 1048576                                   {product} {ergonomic}
    uintx GCDrainStackTargetSize                   = 64                                        {product} {ergonomic}
   size_t InitialHeapSize                          = 130023424                                 {product} {ergonomic}
   size_t MarkStackSize                            = 4194304                                   {product} {ergonomic}
   size_t MaxHeapSize                              = 2055208960                                {product} {ergonomic}
   size_t MinHeapDeltaBytes                        = 1048576                                   {product} {ergonomic}
   size_t MinHeapSize                              = 8388608                                   {product} {ergonomic}
    uintx NonNMethodCodeHeapSize                   = 5832780                                {pd product} {ergonomic}
    uintx NonProfiledCodeHeapSize                  = 122912730                              {pd product} {ergonomic}
    uintx ProfiledCodeHeapSize                     = 122912730                              {pd product} {ergonomic}
    uintx ReservedCodeCacheSize                    = 251658240                              {pd product} {ergonomic}
     bool SegmentedCodeCache                       = true                                      {product} {ergonomic}
     bool ShowCodeDetailsInExceptionMessages       = true                                   {manageable} {command line}
   size_t SoftMaxHeapSize                          = 2055208960                             {manageable} {ergonomic}
     bool UseCompressedClassPointers               = true                           {product lp64_product} {ergonomic}
     bool UseCompressedOops                        = true                           {product lp64_product} {ergonomic}
     bool UseG1GC                                  = true                                      {product} {ergonomic}
     bool UseLargePagesIndividualAllocation        = false                                  {pd product} {ergonomic}

Logging:
Log output configuration:
 #0: stdout all=warning uptime,level,tags
 #1: stderr all=off uptime,level,tags

Environment Variables:
JAVA_HOME=C:\Program Files\Java\jdk-17\
PATH=C:\Maven\apache-maven-3.8.8\bin;C:\Program Files\Java\jdk-17\bin;C:\Program Files\Common Files\Oracle\Java\javapath;D:\c lang\c lang programs;D:\c lang\bin;C:\Program Files\Java\jdk-18.0.2.1\bin;C:\WINDOWS\system32;C:\WINDOWS;C:\WINDOWS\System32\Wbem;C:\WINDOWS\System32\WindowsPowerShell\v1.0\;C:\WINDOWS\System32\OpenSSH\;C:\Program Files\dotnet\;C:\Program Files\Microsoft SQL Server\110\Tools\Binn\;C:\Program Files\php8.1.9;C:\Program Files\Java\jdk-18.0.2.1\bin;C:\Program Files (x86)\dotnet\;C:\Users\anjal\Desktop;C:\Program Files\Microsoft SQL Server\150\Tools\Binn\;C:\Program Files\Microsoft SQL Server\Client SDK\ODBC\170\Tools\Binn\;C:\Program Files\MySQL\MySQL Server 5.5\bin;D:\New folder (7);C:\Program Files\Git\cmd;C:\Program Files\Java\jdk-24\bin;C:\Program Files\MySQL\MySQL Server 8.4\bin;C:\Program Files\MySQL\MySQL Server 8.4\bin;C:\Program Files\nodejs\;C:\Program Files\MySQL\MySQL Shell 8.0\bin\;C:\Users\anjal\Desktop;C:\Users\anjal\.dotnet\tools;C:\Users\anjal\AppData\Local\Programs\Fiddler;C:\Users\anjal\AppData\Local\Programs\Microsoft VS Code\bin;C:\Program Files\MySQL\MySQL Server 8.4\bin;C:\Users\anjal\AppData\Roaming\npm
USERNAME=anjal
LANG=en_US.UTF-8
OS=Windows_NT
PROCESSOR_IDENTIFIER=Intel64 Family 6 Model 140 Stepping 1, GenuineIntel



---------------  S Y S T E M  ---------------

OS:
 Windows 11 , 64 bit Build 22000 (10.0.22000.2538)
OS uptime: 0 days 7:35 hours

CPU: total 4 (initial active 4) (2 cores per cpu, 2 threads per core) family 6 model 140 stepping 1 microcode 0x9a, cx8, cmov, fxsr, ht, mmx, 3dnowpref, sse, sse2, sse3, ssse3, sse4.1, sse4.2, popcnt, lzcnt, tsc, tscinvbit, avx, avx2, aes, erms, clmul, bmi1, bmi2, adx, avx512f, avx512dq, avx512cd, avx512bw, avx512vl, sha, fma, vzeroupper, avx512_vpopcntdq, avx512_vpclmulqdq, avx512_vaes, avx512_vnni, clflush, clflushopt, clwb, avx512_vbmi2, avx512_vbmi

Memory: 4k page, system-wide physical 7834M (615M free)
TotalPageFile size 13132M (AvailPageFile size 56M)
current process WorkingSet (physical memory assigned to process): 10M, peak: 10M
current process commit charge ("private bytes"): 51M, peak: 175M

vm_info: Java HotSpot(TM) 64-Bit Server VM (17.0.12+8-LTS-286) for windows-amd64 JRE (17.0.12+8-LTS-286), built on Jun  5 2024 06:46:59 by "mach5one" with MS VC++ 17.6 (VS2022)

END.
